Using pre-set license
Built from '2022.3/staging' branch; Version is '2022.3.23f1 (dbb3f7c5b5c6) revision 14398455'; Using compiler version '192829333'; Build Type 'Release'
OS: 'Windows 10  (10.0.19045) 64bit Education' Language: 'ko' Physical Memory: 16297 MB
BatchMode: 1, IsHumanControllingUs: 0, StartBugReporterOnCrash: 0, Is64bit: 1, IsPro: 1

COMMAND LINE ARGUMENTS:
C:\Program Files\Unity\Hub\Editor\2022.3.23f1\Editor\Unity.exe
-adb2
-batchMode
-noUpm
-name
AssetImportWorker2
-projectPath
C:/Users/Administrator/Desktop/Unity-Game/Game
-logFile
Logs/AssetImportWorker2.log
-srvPort
50318
Successfully changed project path to: C:/Users/Administrator/Desktop/Unity-Game/Game
C:/Users/Administrator/Desktop/Unity-Game/Game
[UnityMemory] Configuration Parameters - Can be set up in boot.config
    "memorysetup-bucket-allocator-granularity=16"
    "memorysetup-bucket-allocator-bucket-count=8"
    "memorysetup-bucket-allocator-block-size=33554432"
    "memorysetup-bucket-allocator-block-count=8"
    "memorysetup-main-allocator-block-size=16777216"
    "memorysetup-thread-allocator-block-size=16777216"
    "memorysetup-gfx-main-allocator-block-size=16777216"
    "memorysetup-gfx-thread-allocator-block-size=16777216"
    "memorysetup-cache-allocator-block-size=4194304"
    "memorysetup-typetree-allocator-block-size=2097152"
    "memorysetup-profiler-bucket-allocator-granularity=16"
    "memorysetup-profiler-bucket-allocator-bucket-count=8"
    "memorysetup-profiler-bucket-allocator-block-size=33554432"
    "memorysetup-profiler-bucket-allocator-block-count=8"
    "memorysetup-profiler-allocator-block-size=16777216"
    "memorysetup-profiler-editor-allocator-block-size=1048576"
    "memorysetup-temp-allocator-size-main=16777216"
    "memorysetup-job-temp-allocator-block-size=2097152"
    "memorysetup-job-temp-allocator-block-size-background=1048576"
    "memorysetup-job-temp-allocator-reduction-small-platforms=262144"
    "memorysetup-allocator-temp-initial-block-size-main=262144"
    "memorysetup-allocator-temp-initial-block-size-worker=262144"
    "memorysetup-temp-allocator-size-background-worker=32768"
    "memorysetup-temp-allocator-size-job-worker=262144"
    "memorysetup-temp-allocator-size-preload-manager=33554432"
    "memorysetup-temp-allocator-size-nav-mesh-worker=65536"
    "memorysetup-temp-allocator-size-audio-worker=65536"
    "memorysetup-temp-allocator-size-cloud-worker=32768"
    "memorysetup-temp-allocator-size-gi-baking-worker=262144"
    "memorysetup-temp-allocator-size-gfx=262144"
Player connection [6924] Host "[IP] 192.168.0.111 [Port] 0 [Flags] 2 [Guid] 908696705 [EditorId] 908696705 [Version] 1048832 [Id] WindowsEditor(7,I-13) [Debug] 1 [PackageName] WindowsEditor [ProjectName] Editor" joined multi-casting on [225.0.0.222:54997]...

Player connection [6924] Host "[IP] 192.168.0.111 [Port] 0 [Flags] 2 [Guid] 908696705 [EditorId] 908696705 [Version] 1048832 [Id] WindowsEditor(7,I-13) [Debug] 1 [PackageName] WindowsEditor [ProjectName] Editor" joined alternative multi-casting on [225.0.0.222:34997]...

[Physics::Module] Initialized MultithreadedJobDispatcher with 15 workers.
Refreshing native plugins compatible for Editor in 1328.40 ms, found 3 plugins.
Preloading 0 native plugins for Editor in 0.00 ms.
Initialize engine version: 2022.3.23f1 (dbb3f7c5b5c6)
[Subsystems] Discovering subsystems at path C:/Program Files/Unity/Hub/Editor/2022.3.23f1/Editor/Data/Resources/UnitySubsystems
[Subsystems] Discovering subsystems at path C:/Users/Administrator/Desktop/Unity-Game/Game/Assets
GfxDevice: creating device client; threaded=0; jobified=0
Direct3D:
    Version:  Direct3D 11.0 [level 11.1]
    Renderer: NVIDIA GeForce GTX 1660 (ID=0x2184)
    Vendor:   NVIDIA
    VRAM:     5980 MB
    Driver:   31.0.15.3623
Initialize mono
Mono path[0] = 'C:/Program Files/Unity/Hub/Editor/2022.3.23f1/Editor/Data/Managed'
Mono path[1] = 'C:/Program Files/Unity/Hub/Editor/2022.3.23f1/Editor/Data/MonoBleedingEdge/lib/mono/unityjit-win32'
Mono config path = 'C:/Program Files/Unity/Hub/Editor/2022.3.23f1/Editor/Data/MonoBleedingEdge/etc'
Using monoOptions --debugger-agent=transport=dt_socket,embedding=1,server=y,suspend=n,address=127.0.0.1:56880
Begin MonoManager ReloadAssembly
Registering precompiled unity dll's ...
Register platform support module: C:/Program Files/Unity/Hub/Editor/2022.3.23f1/Editor/Data/PlaybackEngines/WebGLSupport/UnityEditor.WebGL.Extensions.dll
Register platform support module: C:/Program Files/Unity/Hub/Editor/2022.3.23f1/Editor/Data/PlaybackEngines/AndroidPlayer/UnityEditor.Android.Extensions.dll
Register platform support module: C:/Program Files/Unity/Hub/Editor/2022.3.23f1/Editor/Data/PlaybackEngines/WindowsStandaloneSupport/UnityEditor.WindowsStandalone.Extensions.dll
Registered in 0.006782 seconds.
- Loaded All Assemblies, in  5.437 seconds
Native extension for WindowsStandalone target not found
Native extension for Android target not found
Android Extension - Scanning For ADB Devices 323 ms
Native extension for WebGL target not found
Mono: successfully reloaded assembly
- Finished resetting the current domain, in  0.713 seconds
Domain Reload Profiling: 6150ms
	BeginReloadAssembly (4001ms)
		ExecutionOrderSort (0ms)
		DisableScriptedObjects (0ms)
		BackupInstance (0ms)
		ReleaseScriptingObjects (0ms)
		CreateAndSetChildDomain (1ms)
	RebuildCommonClasses (342ms)
	RebuildNativeTypeToScriptingClass (9ms)
	initialDomainReloadingComplete (48ms)
	LoadAllAssembliesAndSetupDomain (1036ms)
		LoadAssemblies (4000ms)
		RebuildTransferFunctionScriptingTraits (0ms)
		AnalyzeDomain (1034ms)
			TypeCache.Refresh (1033ms)
				TypeCache.ScanAssembly (815ms)
			ScanForSourceGeneratedMonoScriptInfo (0ms)
			ResolveRequiredComponents (0ms)
	FinalizeReload (713ms)
		ReleaseScriptCaches (0ms)
		RebuildScriptCaches (0ms)
		SetupLoadedEditorAssemblies (660ms)
			LogAssemblyErrors (0ms)
			InitializePlatformSupportModulesInManaged (506ms)
			SetLoadedEditorAssemblies (5ms)
			RefreshPlugins (0ms)
			BeforeProcessingInitializeOnLoad (2ms)
			ProcessInitializeOnLoadAttributes (105ms)
			ProcessInitializeOnLoadMethodAttributes (42ms)
			AfterProcessingInitializeOnLoad (0ms)
			EditorAssembliesLoaded (0ms)
		ExecutionOrderSort2 (0ms)
		AwakeInstancesAfterBackupRestoration (0ms)
========================================================================
Worker process is ready to serve import requests
Begin MonoManager ReloadAssembly
- Loaded All Assemblies, in  4.645 seconds
Refreshing native plugins compatible for Editor in 1.59 ms, found 3 plugins.
Native extension for WindowsStandalone target not found
Native extension for Android target not found
Native extension for WebGL target not found
Package Manager log level set to [2]
[Package Manager] Server::EnsureServerProcessIsRunning -- launch failed, reason: Unity was launched with the -noUpm command-line argument
[Package Manager] UpmClient::Send -- Unable to send message (not connected to UPM process).
[Package Manager] Cannot connect to Unity Package Manager local server
Mono: successfully reloaded assembly
- Finished resetting the current domain, in  0.609 seconds
Domain Reload Profiling: 5253ms
	BeginReloadAssembly (125ms)
		ExecutionOrderSort (0ms)
		DisableScriptedObjects (5ms)
		BackupInstance (0ms)
		ReleaseScriptingObjects (0ms)
		CreateAndSetChildDomain (19ms)
	RebuildCommonClasses (28ms)
	RebuildNativeTypeToScriptingClass (9ms)
	initialDomainReloadingComplete (35ms)
	LoadAllAssembliesAndSetupDomain (4446ms)
		LoadAssemblies (3889ms)
		RebuildTransferFunctionScriptingTraits (0ms)
		AnalyzeDomain (630ms)
			TypeCache.Refresh (612ms)
				TypeCache.ScanAssembly (557ms)
			ScanForSourceGeneratedMonoScriptInfo (13ms)
			ResolveRequiredComponents (5ms)
	FinalizeReload (609ms)
		ReleaseScriptCaches (0ms)
		RebuildScriptCaches (0ms)
		SetupLoadedEditorAssemblies (465ms)
			LogAssemblyErrors (0ms)
			InitializePlatformSupportModulesInManaged (21ms)
			SetLoadedEditorAssemblies (5ms)
			RefreshPlugins (0ms)
			BeforeProcessingInitializeOnLoad (75ms)
			ProcessInitializeOnLoadAttributes (343ms)
			ProcessInitializeOnLoadMethodAttributes (17ms)
			AfterProcessingInitializeOnLoad (3ms)
			EditorAssembliesLoaded (0ms)
		ExecutionOrderSort2 (0ms)
		AwakeInstancesAfterBackupRestoration (4ms)
Launched and connected shader compiler UnityShaderCompiler.exe after 0.05 seconds
Refreshing native plugins compatible for Editor in 1.81 ms, found 3 plugins.
Preloading 0 native plugins for Editor in 0.00 ms.
Unloading 3103 Unused Serialized files (Serialized files now loaded: 0)
Unloading 32 unused Assets / (57.0 KB). Loaded Objects now: 3570.
Memory consumption went from 132.1 MB to 132.0 MB.
Total: 3.001100 ms (FindLiveObjects: 0.271400 ms CreateObjectMapping: 0.284700 ms MarkObjects: 2.356000 ms  DeleteObjects: 0.088100 ms)

AssetImportParameters requested are different than current active one (requested -> active):
  custom:container-demuxer-ogg: 62fdf1f143b41e24485cea50d1cbac27 -> 
  custom:video-decoder-ogg-theora: a1e56fd34408186e4bbccfd4996cb3dc -> 
  custom:framework-win-MediaFoundation: 216162199b28c13a410421893ffa2e32 -> 
  custom:CustomObjectIndexerAttribute: 9a22284fe3817be447336de3de66b15e -> 
  custom:container-demuxer-webm: 4f35f7cbe854078d1ac9338744f61a02 -> 
  custom:container-muxer-webm: aa71ff27fc2769a1b78a27578f13a17b -> 
  custom:video-decoder-webm-vp8: 9c59270c3fd7afecdb556c50c9e8de78 -> 
  custom:SearchIndexIgnoredProperties: e643bd26f0fe6173181afceb89e7c659 -> 
  custom:AudioImporter_EditorPlatform: d09bf68614088b80899f8185d706f6e7 -> 
  custom:video-encoder-webm-vp8: eb34c28f22e8b96e1ab97ce403110664 -> 
  custom:audio-decoder-ogg-vorbis: bf7c407c2cedff20999df2af8eb42d56 -> 
  custom:audio-encoder-webm-vorbis: bf7c407c2cedff20999df2af8eb42d56 -> 
========================================================================
Received Prepare
Begin MonoManager ReloadAssembly
- Loaded All Assemblies, in  0.385 seconds
Refreshing native plugins compatible for Editor in 1.77 ms, found 3 plugins.
Native extension for WindowsStandalone target not found
Native extension for Android target not found
Native extension for WebGL target not found
[Package Manager] Server::EnsureServerProcessIsRunning -- launch failed, reason: Unity was launched with the -noUpm command-line argument
[Package Manager] UpmClient::Send -- Unable to send message (not connected to UPM process).
[Package Manager] Cannot connect to Unity Package Manager local server
Mono: successfully reloaded assembly
- Finished resetting the current domain, in  0.845 seconds
Domain Reload Profiling: 1229ms
	BeginReloadAssembly (143ms)
		ExecutionOrderSort (0ms)
		DisableScriptedObjects (5ms)
		BackupInstance (0ms)
		ReleaseScriptingObjects (0ms)
		CreateAndSetChildDomain (37ms)
	RebuildCommonClasses (28ms)
	RebuildNativeTypeToScriptingClass (11ms)
	initialDomainReloadingComplete (26ms)
	LoadAllAssembliesAndSetupDomain (177ms)
		LoadAssemblies (238ms)
		RebuildTransferFunctionScriptingTraits (0ms)
		AnalyzeDomain (13ms)
			TypeCache.Refresh (6ms)
				TypeCache.ScanAssembly (0ms)
			ScanForSourceGeneratedMonoScriptInfo (0ms)
			ResolveRequiredComponents (6ms)
	FinalizeReload (845ms)
		ReleaseScriptCaches (0ms)
		RebuildScriptCaches (0ms)
		SetupLoadedEditorAssemblies (483ms)
			LogAssemblyErrors (0ms)
			InitializePlatformSupportModulesInManaged (30ms)
			SetLoadedEditorAssemblies (5ms)
			RefreshPlugins (0ms)
			BeforeProcessingInitializeOnLoad (86ms)
			ProcessInitializeOnLoadAttributes (331ms)
			ProcessInitializeOnLoadMethodAttributes (28ms)
			AfterProcessingInitializeOnLoad (3ms)
			EditorAssembliesLoaded (0ms)
		ExecutionOrderSort2 (0ms)
		AwakeInstancesAfterBackupRestoration (4ms)
Refreshing native plugins compatible for Editor in 1.66 ms, found 3 plugins.
Preloading 0 native plugins for Editor in 0.00 ms.
Unloading 3095 Unused Serialized files (Serialized files now loaded: 0)
Unloading 23 unused Assets / (31.1 KB). Loaded Objects now: 3573.
Memory consumption went from 132.2 MB to 132.2 MB.
Total: 2.322100 ms (FindLiveObjects: 0.251700 ms CreateObjectMapping: 0.171000 ms MarkObjects: 1.859300 ms  DeleteObjects: 0.039500 ms)

Prepare: number of updated asset objects reloaded= 0
AssetImportParameters requested are different than current active one (requested -> active):
  custom:container-demuxer-ogg: 62fdf1f143b41e24485cea50d1cbac27 -> 
  custom:video-decoder-ogg-theora: a1e56fd34408186e4bbccfd4996cb3dc -> 
  custom:framework-win-MediaFoundation: 216162199b28c13a410421893ffa2e32 -> 
  custom:CustomObjectIndexerAttribute: 9a22284fe3817be447336de3de66b15e -> 
  custom:container-demuxer-webm: 4f35f7cbe854078d1ac9338744f61a02 -> 
  custom:container-muxer-webm: aa71ff27fc2769a1b78a27578f13a17b -> 
  custom:video-decoder-webm-vp8: 9c59270c3fd7afecdb556c50c9e8de78 -> 
  custom:SearchIndexIgnoredProperties: e643bd26f0fe6173181afceb89e7c659 -> 
  custom:AudioImporter_EditorPlatform: d09bf68614088b80899f8185d706f6e7 -> 
  custom:video-encoder-webm-vp8: eb34c28f22e8b96e1ab97ce403110664 -> 
  custom:audio-decoder-ogg-vorbis: bf7c407c2cedff20999df2af8eb42d56 -> 
  custom:audio-encoder-webm-vorbis: bf7c407c2cedff20999df2af8eb42d56 -> 
========================================================================
Received Import Request.
  Time since last request: 1170.015251 seconds.
  path: Assets/Class5th (Animation)
  artifactKey: Guid(d19c46de1f388d34e8e5533389cf5d2c) Importer(815301076,1909f56bfc062723c751e8b465ee728b)
Start importing Assets/Class5th (Animation) using Guid(d19c46de1f388d34e8e5533389cf5d2c) Importer(815301076,1909f56bfc062723c751e8b465ee728b)  -> (artifact id: '8f34effc7d3ff2bb3ef8a366a9343cd1') in 0.002578 seconds
Number of updated asset objects reloaded before import = 0
Number of asset objects unloaded after import = 0
========================================================================
Received Import Request.
  Time since last request: 6.854409 seconds.
  path: Assets/Class5th (Animation)/Scenes
  artifactKey: Guid(dd41949445a276e47a24891d637c2fda) Importer(815301076,1909f56bfc062723c751e8b465ee728b)
Start importing Assets/Class5th (Animation)/Scenes using Guid(dd41949445a276e47a24891d637c2fda) Importer(815301076,1909f56bfc062723c751e8b465ee728b)  -> (artifact id: 'bb8358d86630fd6c347e1eda98db3a5f') in 0.000357 seconds
Number of updated asset objects reloaded before import = 0
Number of asset objects unloaded after import = 0
========================================================================
Received Import Request.
  Time since last request: 6.290288 seconds.
  path: Assets/Class5th (Animation)/Scenes/Game.unity
  artifactKey: Guid(20e8e453dc7e8994c8f38ed5b4420a79) Importer(815301076,1909f56bfc062723c751e8b465ee728b)
Start importing Assets/Class5th (Animation)/Scenes/Game.unity using Guid(20e8e453dc7e8994c8f38ed5b4420a79) Importer(815301076,1909f56bfc062723c751e8b465ee728b)  -> (artifact id: 'fcdd88a48975e571e6e77e92f0bc7521') in 0.000469 seconds
Number of updated asset objects reloaded before import = 0
Number of asset objects unloaded after import = 0
========================================================================
Received Import Request.
  Time since last request: 10.298879 seconds.
  path: Assets/Class5th (Animation)/Scripts
  artifactKey: Guid(d445664a75956f74aa4adb99edb3532a) Importer(815301076,1909f56bfc062723c751e8b465ee728b)
Start importing Assets/Class5th (Animation)/Scripts using Guid(d445664a75956f74aa4adb99edb3532a) Importer(815301076,1909f56bfc062723c751e8b465ee728b)  -> (artifact id: 'e297eeacffde8262145971e4fe55ad11') in 0.000361 seconds
Number of updated asset objects reloaded before import = 0
Number of asset objects unloaded after import = 0
========================================================================
Received Import Request.
  Time since last request: 205.507822 seconds.
  path: Assets/Post Box/post box.FBX
  artifactKey: Guid(1dcf24a9de89075429f3818b650e25d8) Importer(815301076,1909f56bfc062723c751e8b465ee728b)
Start importing Assets/Post Box/post box.FBX using Guid(1dcf24a9de89075429f3818b650e25d8) Importer(815301076,1909f56bfc062723c751e8b465ee728b)  -> (artifact id: '649e8b4219081fc0be0659b56e68be43') in 0.365534 seconds
Number of updated asset objects reloaded before import = 0
Number of asset objects unloaded after import = 36
========================================================================
Received Import Request.
  Time since last request: 42.234705 seconds.
  path: Assets/Class5th (Animation)/Post Box/Textures/post box.jpg
  artifactKey: Guid(8c3ba7a0edd2ed840ba4ac4054432f71) Importer(815301076,1909f56bfc062723c751e8b465ee728b)
Start importing Assets/Class5th (Animation)/Post Box/Textures/post box.jpg using Guid(8c3ba7a0edd2ed840ba4ac4054432f71) Importer(815301076,1909f56bfc062723c751e8b465ee728b)  -> (artifact id: 'ac7a2579853be0a4e11bb1dcda32ba45') in 0.019507 seconds
Number of updated asset objects reloaded before import = 0
Number of asset objects unloaded after import = 2
========================================================================
Received Import Request.
  Time since last request: 3.619793 seconds.
  path: Assets/Class5th (Animation)/Post Box/Materials/box.mat
  artifactKey: Guid(e18c4313cd0ef1942850a0df4473052b) Importer(815301076,1909f56bfc062723c751e8b465ee728b)
Start importing Assets/Class5th (Animation)/Post Box/Materials/box.mat using Guid(e18c4313cd0ef1942850a0df4473052b) Importer(815301076,1909f56bfc062723c751e8b465ee728b)  -> (artifact id: '9377a06e9e870018520657c52ff178e5') in 0.025235 seconds
Number of updated asset objects reloaded before import = 0
Number of asset objects unloaded after import = 2
========================================================================
Received Import Request.
  Time since last request: 0.007034 seconds.
  path: Assets/Class5th (Animation)/Post Box/Materials/flag.mat
  artifactKey: Guid(4278e404f6beebb4eae73a74649eb487) Importer(815301076,1909f56bfc062723c751e8b465ee728b)
Start importing Assets/Class5th (Animation)/Post Box/Materials/flag.mat using Guid(4278e404f6beebb4eae73a74649eb487) Importer(815301076,1909f56bfc062723c751e8b465ee728b)  -> (artifact id: '07cd0c823774991757c13e27c46f3712') in 0.013968 seconds
Number of updated asset objects reloaded before import = 0
Number of asset objects unloaded after import = 2
========================================================================
Received Import Request.
  Time since last request: 0.000015 seconds.
  path: Assets/Class5th (Animation)/Post Box/Materials/wood.mat
  artifactKey: Guid(49ea363bdd9fbf6489869a59b20b30a7) Importer(815301076,1909f56bfc062723c751e8b465ee728b)
Start importing Assets/Class5th (Animation)/Post Box/Materials/wood.mat using Guid(49ea363bdd9fbf6489869a59b20b30a7) Importer(815301076,1909f56bfc062723c751e8b465ee728b)  -> (artifact id: '630fd754a698f6809a03671cc2a6c89c') in 0.011354 seconds
Number of updated asset objects reloaded before import = 0
Number of asset objects unloaded after import = 2
========================================================================
Received Import Request.
  Time since last request: 0.000017 seconds.
  path: Assets/Class5th (Animation)/Post Box/Materials/door.mat
  artifactKey: Guid(79b2c0a9bdc5c1f4da1fe316f12c53e0) Importer(815301076,1909f56bfc062723c751e8b465ee728b)
Start importing Assets/Class5th (Animation)/Post Box/Materials/door.mat using Guid(79b2c0a9bdc5c1f4da1fe316f12c53e0) Importer(815301076,1909f56bfc062723c751e8b465ee728b)  -> (artifact id: '2b4648e87ffba393830848efd51de660') in 0.012074 seconds
Number of updated asset objects reloaded before import = 0
Number of asset objects unloaded after import = 2
========================================================================
Received Import Request.
  Time since last request: 2.992839 seconds.
  path: Assets/Class5th (Animation)/Post Box/Textures/Uv Templates
  artifactKey: Guid(d2f40dc37d188ec44a6238286c07a6f2) Importer(815301076,1909f56bfc062723c751e8b465ee728b)
Start importing Assets/Class5th (Animation)/Post Box/Textures/Uv Templates using Guid(d2f40dc37d188ec44a6238286c07a6f2) Importer(815301076,1909f56bfc062723c751e8b465ee728b)  -> (artifact id: '2dc0038f1a6a4be4170a9343c35e7b6f') in 0.000487 seconds
Number of updated asset objects reloaded before import = 0
Number of asset objects unloaded after import = 0
========================================================================
Received Import Request.
  Time since last request: 0.090487 seconds.
  path: Assets/Class5th (Animation)/Post Box/Textures/Uv Templates/box flag uv template.jpg
  artifactKey: Guid(205f0cf6136c50746a12830e9cc33812) Importer(815301076,1909f56bfc062723c751e8b465ee728b)
Start importing Assets/Class5th (Animation)/Post Box/Textures/Uv Templates/box flag uv template.jpg using Guid(205f0cf6136c50746a12830e9cc33812) Importer(815301076,1909f56bfc062723c751e8b465ee728b)  -> (artifact id: '43e80929ab006b73102601c19384c4e9') in 0.010574 seconds
Number of updated asset objects reloaded before import = 0
Number of asset objects unloaded after import = 2
========================================================================
Received Import Request.
  Time since last request: 0.000021 seconds.
  path: Assets/Class5th (Animation)/Post Box/Textures/Uv Templates/door uv template.jpg
  artifactKey: Guid(d1947db45968b204d9ad82e82bf18017) Importer(815301076,1909f56bfc062723c751e8b465ee728b)
Start importing Assets/Class5th (Animation)/Post Box/Textures/Uv Templates/door uv template.jpg using Guid(d1947db45968b204d9ad82e82bf18017) Importer(815301076,1909f56bfc062723c751e8b465ee728b)  -> (artifact id: 'b700f72c138e43211c68ac990e966892') in 0.009773 seconds
Number of updated asset objects reloaded before import = 0
Number of asset objects unloaded after import = 2
========================================================================
Received Import Request.
  Time since last request: 130.201369 seconds.
  path: Assets/Wooden Box/woodbox_N.tga
  artifactKey: Guid(c26a323bd958f80408c6bf06f3f221f3) Importer(815301076,1909f56bfc062723c751e8b465ee728b)
Start importing Assets/Wooden Box/woodbox_N.tga using Guid(c26a323bd958f80408c6bf06f3f221f3) Importer(815301076,1909f56bfc062723c751e8b465ee728b)  -> (artifact id: '0058ae7b67f09f74fa37369aa35876e7') in 0.013363 seconds
Number of updated asset objects reloaded before import = 0
Number of asset objects unloaded after import = 2
========================================================================
Received Import Request.
  Time since last request: 0.000022 seconds.
  path: Assets/Wooden Box/woodenbox_D1.fbx
  artifactKey: Guid(79befe30771afe842b9504486853ca3e) Importer(815301076,1909f56bfc062723c751e8b465ee728b)
Start importing Assets/Wooden Box/woodenbox_D1.fbx using Guid(79befe30771afe842b9504486853ca3e) Importer(815301076,1909f56bfc062723c751e8b465ee728b)  -> (artifact id: 'd8875ed1b05af018b9911ae416ba4a69') in 0.034501 seconds
Number of updated asset objects reloaded before import = 0
Number of asset objects unloaded after import = 12
========================================================================
Received Import Request.
  Time since last request: 0.000027 seconds.
  path: Assets/Wooden Box/WoodenBox.prefab
  artifactKey: Guid(8d4ee1d3803662f4d8966f528c9104c1) Importer(815301076,1909f56bfc062723c751e8b465ee728b)
Start importing Assets/Wooden Box/WoodenBox.prefab using Guid(8d4ee1d3803662f4d8966f528c9104c1) Importer(815301076,1909f56bfc062723c751e8b465ee728b)  -> (artifact id: 'f534c29593f3f1cb2aef3e78afdb0c7a') in 0.002235 seconds
Number of updated asset objects reloaded before import = 0
Number of asset objects unloaded after import = 6
========================================================================
Received Import Request.
  Time since last request: 0.000023 seconds.
  path: Assets/Wooden Box/WoodenBox_D2.prefab
  artifactKey: Guid(ad1ba0404dcbd794895491700c647ed2) Importer(815301076,1909f56bfc062723c751e8b465ee728b)
Start importing Assets/Wooden Box/WoodenBox_D2.prefab using Guid(ad1ba0404dcbd794895491700c647ed2) Importer(815301076,1909f56bfc062723c751e8b465ee728b)  -> (artifact id: '0d97a9bf6c650c2cfdaec58d47812f2c') in 0.002241 seconds
Number of updated asset objects reloaded before import = 0
Number of asset objects unloaded after import = 6
========================================================================
Received Import Request.
  Time since last request: 0.000017 seconds.
  path: Assets/Wooden Box/woodenbox_D2.fbx
  artifactKey: Guid(82ce82ea805963841a76d745840a0338) Importer(815301076,1909f56bfc062723c751e8b465ee728b)
Start importing Assets/Wooden Box/woodenbox_D2.fbx using Guid(82ce82ea805963841a76d745840a0338) Importer(815301076,1909f56bfc062723c751e8b465ee728b)  -> (artifact id: '35ee6d69531519f2ccad59e831fdbfeb') in 0.031414 seconds
Number of updated asset objects reloaded before import = 0
Number of asset objects unloaded after import = 12
========================================================================
Received Import Request.
  Time since last request: 0.000018 seconds.
  path: Assets/Wooden Box/WoodenBox_D1.prefab
  artifactKey: Guid(91b1363ddb836094694c078a56d5a651) Importer(815301076,1909f56bfc062723c751e8b465ee728b)
Start importing Assets/Wooden Box/WoodenBox_D1.prefab using Guid(91b1363ddb836094694c078a56d5a651) Importer(815301076,1909f56bfc062723c751e8b465ee728b)  -> (artifact id: '70b9be62a1bb6624bac686ed8ae3743a') in 0.001446 seconds
Number of updated asset objects reloaded before import = 0
Number of asset objects unloaded after import = 6
========================================================================
Received Import Request.
  Time since last request: 0.000017 seconds.
  path: Assets/Wooden Box/WoodenBox_D3.prefab
  artifactKey: Guid(46ba40c832ef42241980cb0f9d2bf37a) Importer(815301076,1909f56bfc062723c751e8b465ee728b)
Start importing Assets/Wooden Box/WoodenBox_D3.prefab using Guid(46ba40c832ef42241980cb0f9d2bf37a) Importer(815301076,1909f56bfc062723c751e8b465ee728b)  -> (artifact id: 'dd3a4a9d815e12255f7f78e741e32588') in 0.001451 seconds
Number of updated asset objects reloaded before import = 0
Number of asset objects unloaded after import = 6
========================================================================
Received Import Request.
  Time since last request: 0.000010 seconds.
  path: Assets/Wooden Box/woodbox_S.tga
  artifactKey: Guid(dd3d2edbb1eb12d45a521452b180bb87) Importer(815301076,1909f56bfc062723c751e8b465ee728b)
Start importing Assets/Wooden Box/woodbox_S.tga using Guid(dd3d2edbb1eb12d45a521452b180bb87) Importer(815301076,1909f56bfc062723c751e8b465ee728b)  -> (artifact id: '72f2ab4e2283e1516aae9e8cd2b9e8f9') in 0.012325 seconds
Number of updated asset objects reloaded before import = 0
Number of asset objects unloaded after import = 2
========================================================================
Received Import Request.
  Time since last request: 0.000034 seconds.
  path: Assets/Wooden Box/woodenbox.fbx
  artifactKey: Guid(b9f04c0387c36bf49bfa74ac0e3ae9f6) Importer(815301076,1909f56bfc062723c751e8b465ee728b)
Start importing Assets/Wooden Box/woodenbox.fbx using Guid(b9f04c0387c36bf49bfa74ac0e3ae9f6) Importer(815301076,1909f56bfc062723c751e8b465ee728b)  -> (artifact id: '0f2cf560558fc0dacc4e67c84c016b1c') in 0.032762 seconds
Number of updated asset objects reloaded before import = 0
Number of asset objects unloaded after import = 12
Editor requested this worker to shutdown with reason: Scaling down because of idle timeout
TcpMessagingSession - receive error: operation aborted. errorcode: 995, details: 스레드 종료 또는 응용 프로그램 요청 때문에 I/O 작업이 취소되었습니다.
AssetImportWorker is now disconnected from the server
Process exiting
Exiting without the bug reporter. Application will terminate with return code 0